[2021-07-05 13:00:05,202] INFO WorkerSourceTask{id=mybtc-source-connect-0} Committing offsets (org.apache.kafka.connect.runtime.WorkerSourceTask:478)
[2021-07-05 13:00:05,203] INFO WorkerSourceTask{id=mybtc-source-connect-0} flushing 0 outstanding messages for offset commit (org.apache.kafka.connect.runtime.WorkerSourceTask:495)
[2021-07-05 13:00:15,203] INFO WorkerSourceTask{id=mybtc-source-connect-0} Committing offsets (org.apache.kafka.connect.runtime.WorkerSourceTask:478)
[2021-07-05 13:00:15,203] INFO WorkerSourceTask{id=mybtc-source-connect-0} flushing 0 outstanding messages for offset commit (org.apache.kafka.connect.runtime.WorkerSourceTask:495)
[2021-07-05 13:00:25,204] INFO WorkerSourceTask{id=mybtc-source-connect-0} Committing offsets (org.apache.kafka.connect.runtime.WorkerSourceTask:478)
[2021-07-05 13:00:25,204] INFO WorkerSourceTask{id=mybtc-source-connect-0} flushing 0 outstanding messages for offset commit (org.apache.kafka.connect.runtime.WorkerSourceTask:495)
[2021-07-05 13:00:35,204] INFO WorkerSourceTask{id=mybtc-source-connect-0} Committing offsets (org.apache.kafka.connect.runtime.WorkerSourceTask:478)
[2021-07-05 13:00:35,204] INFO WorkerSourceTask{id=mybtc-source-connect-0} flushing 0 outstanding messages for offset commit (org.apache.kafka.connect.runtime.WorkerSourceTask:495)
[2021-07-05 13:00:45,205] INFO WorkerSourceTask{id=mybtc-source-connect-0} Committing offsets (org.apache.kafka.connect.runtime.WorkerSourceTask:478)
[2021-07-05 13:00:45,205] INFO WorkerSourceTask{id=mybtc-source-connect-0} flushing 0 outstanding messages for offset commit (org.apache.kafka.connect.runtime.WorkerSourceTask:495)
[2021-07-05 13:00:55,205] INFO WorkerSourceTask{id=mybtc-source-connect-0} Committing offsets (org.apache.kafka.connect.runtime.WorkerSourceTask:478)
[2021-07-05 13:00:55,205] INFO WorkerSourceTask{id=mybtc-source-connect-0} flushing 0 outstanding messages for offset commit (org.apache.kafka.connect.runtime.WorkerSourceTask:495)
[2021-07-05 13:01:05,206] INFO WorkerSourceTask{id=mybtc-source-connect-0} Committing offsets (org.apache.kafka.connect.runtime.WorkerSourceTask:478)
[2021-07-05 13:01:05,206] INFO WorkerSourceTask{id=mybtc-source-connect-0} flushing 0 outstanding messages for offset commit (org.apache.kafka.connect.runtime.WorkerSourceTask:495)
[2021-07-05 13:01:15,206] INFO WorkerSourceTask{id=mybtc-source-connect-0} Committing offsets (org.apache.kafka.connect.runtime.WorkerSourceTask:478)
[2021-07-05 13:01:15,206] INFO WorkerSourceTask{id=mybtc-source-connect-0} flushing 0 outstanding messages for offset commit (org.apache.kafka.connect.runtime.WorkerSourceTask:495)
[2021-07-05 13:01:25,206] INFO WorkerSourceTask{id=mybtc-source-connect-0} Committing offsets (org.apache.kafka.connect.runtime.WorkerSourceTask:478)
[2021-07-05 13:01:25,207] INFO WorkerSourceTask{id=mybtc-source-connect-0} flushing 0 outstanding messages for offset commit (org.apache.kafka.connect.runtime.WorkerSourceTask:495)
[2021-07-05 13:01:35,207] INFO WorkerSourceTask{id=mybtc-source-connect-0} Committing offsets (org.apache.kafka.connect.runtime.WorkerSourceTask:478)
[2021-07-05 13:01:35,207] INFO WorkerSourceTask{id=mybtc-source-connect-0} flushing 0 outstanding messages for offset commit (org.apache.kafka.connect.runtime.WorkerSourceTask:495)
[2021-07-05 13:01:45,207] INFO WorkerSourceTask{id=mybtc-source-connect-0} Committing offsets (org.apache.kafka.connect.runtime.WorkerSourceTask:478)
[2021-07-05 13:01:45,208] INFO WorkerSourceTask{id=mybtc-source-connect-0} flushing 0 outstanding messages for offset commit (org.apache.kafka.connect.runtime.WorkerSourceTask:495)
[2021-07-05 13:01:55,208] INFO WorkerSourceTask{id=mybtc-source-connect-0} Committing offsets (org.apache.kafka.connect.runtime.WorkerSourceTask:478)
[2021-07-05 13:01:55,208] INFO WorkerSourceTask{id=mybtc-source-connect-0} flushing 0 outstanding messages for offset commit (org.apache.kafka.connect.runtime.WorkerSourceTask:495)
[2021-07-05 13:02:01,281] INFO Kafka Connect stopping (org.apache.kafka.connect.runtime.Connect:67)
[2021-07-05 13:02:01,282] INFO Stopping REST server (org.apache.kafka.connect.runtime.rest.RestServer:327)
[2021-07-05 13:02:01,286] INFO Stopped http_8083@28d79cba{HTTP/1.1, (http/1.1)}{0.0.0.0:8083} (org.eclipse.jetty.server.AbstractConnector:381)
[2021-07-05 13:02:01,286] INFO node0 Stopped scavenging (org.eclipse.jetty.server.session:149)
[2021-07-05 13:02:01,287] INFO REST server stopped (org.apache.kafka.connect.runtime.rest.RestServer:344)
[2021-07-05 13:02:01,288] INFO [Worker clientId=connect-1, groupId=connect-cluster] Herder stopping (org.apache.kafka.connect.runtime.distributed.DistributedHerder:682)
[2021-07-05 13:02:01,288] INFO [Worker clientId=connect-1, groupId=connect-cluster] Stopping connectors and tasks that are still assigned to this worker. (org.apache.kafka.connect.runtime.distributed.DistributedHerder:656)
[2021-07-05 13:02:01,289] INFO Stopping connector myxrp-sink-connect (org.apache.kafka.connect.runtime.Worker:387)
[2021-07-05 13:02:01,289] INFO Stopping connector myetc-sink-connect (org.apache.kafka.connect.runtime.Worker:387)
[2021-07-05 13:02:01,289] INFO Stopping task myxrp-sink-connect-0 (org.apache.kafka.connect.runtime.Worker:836)
[2021-07-05 13:02:01,289] INFO Stopping connector mybtc-sink-connect (org.apache.kafka.connect.runtime.Worker:387)
[2021-07-05 13:02:01,290] INFO Scheduled shutdown for WorkerConnector{id=mybtc-sink-connect} (org.apache.kafka.connect.runtime.WorkerConnector:249)
[2021-07-05 13:02:01,289] INFO Stopping connector mybtc-source-connect (org.apache.kafka.connect.runtime.Worker:387)
[2021-07-05 13:02:01,290] INFO Stopping task (io.confluent.connect.jdbc.sink.JdbcSinkTask:161)
[2021-07-05 13:02:01,289] INFO Scheduled shutdown for WorkerConnector{id=myetc-sink-connect} (org.apache.kafka.connect.runtime.WorkerConnector:249)
[2021-07-05 13:02:01,289] INFO Stopping task mydoge-sink-connect-0 (org.apache.kafka.connect.runtime.Worker:836)
[2021-07-05 13:02:01,289] INFO Stopping connector mydoge-sink-connect (org.apache.kafka.connect.runtime.Worker:387)
[2021-07-05 13:02:01,291] INFO Scheduled shutdown for WorkerConnector{id=mydoge-sink-connect} (org.apache.kafka.connect.runtime.WorkerConnector:249)
[2021-07-05 13:02:01,291] INFO Completed shutdown for WorkerConnector{id=myetc-sink-connect} (org.apache.kafka.connect.runtime.WorkerConnector:269)
[2021-07-05 13:02:01,289] INFO Stopping connector myeth-sink-connect (org.apache.kafka.connect.runtime.Worker:387)
[2021-07-05 13:02:01,292] INFO Scheduled shutdown for WorkerConnector{id=myeth-sink-connect} (org.apache.kafka.connect.runtime.WorkerConnector:249)
[2021-07-05 13:02:01,292] INFO Completed shutdown for WorkerConnector{id=myeth-sink-connect} (org.apache.kafka.connect.runtime.WorkerConnector:269)
[2021-07-05 13:02:01,289] INFO Scheduled shutdown for WorkerConnector{id=myxrp-sink-connect} (org.apache.kafka.connect.runtime.WorkerConnector:249)
[2021-07-05 13:02:01,293] INFO Stopping task myeth-sink-connect-0 (org.apache.kafka.connect.runtime.Worker:836)
[2021-07-05 13:02:01,293] INFO Stopping task mybtc-source-connect-0 (org.apache.kafka.connect.runtime.Worker:836)
[2021-07-05 13:02:01,294] INFO Completed shutdown for WorkerConnector{id=myxrp-sink-connect} (org.apache.kafka.connect.runtime.WorkerConnector:269)
[2021-07-05 13:02:01,291] INFO Completed shutdown for WorkerConnector{id=mydoge-sink-connect} (org.apache.kafka.connect.runtime.WorkerConnector:269)
[2021-07-05 13:02:01,291] INFO Completed shutdown for WorkerConnector{id=mybtc-sink-connect} (org.apache.kafka.connect.runtime.WorkerConnector:269)
[2021-07-05 13:02:01,291] INFO Stopping task (io.confluent.connect.jdbc.sink.JdbcSinkTask:161)
[2021-07-05 13:02:01,294] INFO Stopping JDBC source task (io.confluent.connect.jdbc.source.JdbcSourceTask:317)
[2021-07-05 13:02:01,290] INFO Closing connection #1 to MySql (io.confluent.connect.jdbc.util.CachedConnectionProvider:105)
[2021-07-05 13:02:01,290] INFO Scheduled shutdown for WorkerConnector{id=mybtc-source-connect} (org.apache.kafka.connect.runtime.WorkerConnector:249)
[2021-07-05 13:02:01,312] INFO Stopping table monitoring thread (io.confluent.connect.jdbc.JdbcSourceConnector:176)
[2021-07-05 13:02:01,312] INFO Stopping task (io.confluent.connect.jdbc.sink.JdbcSinkTask:161)
[2021-07-05 13:02:01,313] INFO Closing connection #1 to MySql (io.confluent.connect.jdbc.util.CachedConnectionProvider:105)
[2021-07-05 13:02:01,312] INFO Stopping task mybtc-sink-connect-0 (org.apache.kafka.connect.runtime.Worker:836)
[2021-07-05 13:02:01,312] INFO Stopping task myetc-sink-connect-0 (org.apache.kafka.connect.runtime.Worker:836)
[2021-07-05 13:02:01,311] INFO Closing connection #1 to MySql (io.confluent.connect.jdbc.util.CachedConnectionProvider:105)
[2021-07-05 13:02:01,314] INFO Stopping task (io.confluent.connect.jdbc.sink.JdbcSinkTask:161)
[2021-07-05 13:02:01,313] INFO Shutting down thread monitoring tables. (io.confluent.connect.jdbc.source.TableMonitorThread:134)
[2021-07-05 13:02:01,316] INFO [Consumer clientId=connector-consumer-myeth-sink-connect-0, groupId=connect-myeth-sink-connect] Revoke previously assigned partitions eth_coin-0 (org.apache.kafka.clients.consumer.internals.ConsumerCoordinator:307)
[2021-07-05 13:02:01,316] INFO Closing connection #1 to MySql (io.confluent.connect.jdbc.util.CachedConnectionProvider:105)
[2021-07-05 13:02:01,316] INFO [Consumer clientId=connector-consumer-myeth-sink-connect-0, groupId=connect-myeth-sink-connect] Member connector-consumer-myeth-sink-connect-0-69ccfde4-f8c5-4f61-aa8c-93b4306864d0 sending LeaveGroup request to coordinator ip-172-31-47-126.ec2.internal:9092 (id: 2147483647 rack: null) due to the consumer is being closed (org.apache.kafka.clients.consumer.internals.AbstractCoordinator:1029)
[2021-07-05 13:02:01,316] INFO Closing connection #1 to MySql (io.confluent.connect.jdbc.util.CachedConnectionProvider:105)
[2021-07-05 13:02:01,316] INFO [Consumer clientId=connector-consumer-mydoge-sink-connect-0, groupId=connect-mydoge-sink-connect] Revoke previously assigned partitions doge_coin-0 (org.apache.kafka.clients.consumer.internals.ConsumerCoordinator:307)
[2021-07-05 13:02:01,317] INFO [Consumer clientId=connector-consumer-mydoge-sink-connect-0, groupId=connect-mydoge-sink-connect] Member connector-consumer-mydoge-sink-connect-0-bb5b02bc-b8a7-47f7-8fde-7b635e1b2a2f sending LeaveGroup request to coordinator ip-172-31-47-126.ec2.internal:9092 (id: 2147483647 rack: null) due to the consumer is being closed (org.apache.kafka.clients.consumer.internals.AbstractCoordinator:1029)
[2021-07-05 13:02:01,317] INFO Stopping task (io.confluent.connect.jdbc.sink.JdbcSinkTask:161)
[2021-07-05 13:02:01,318] INFO Closing connection #1 to MySql (io.confluent.connect.jdbc.util.CachedConnectionProvider:105)
[2021-07-05 13:02:01,318] INFO [Consumer clientId=connector-consumer-mybtc-sink-connect-0, groupId=connect-mybtc-sink-connect] Revoke previously assigned partitions btc_coin-0 (org.apache.kafka.clients.consumer.internals.ConsumerCoordinator:307)
[2021-07-05 13:02:01,318] INFO Completed shutdown for WorkerConnector{id=mybtc-source-connect} (org.apache.kafka.connect.runtime.WorkerConnector:269)
[2021-07-05 13:02:01,319] INFO [Consumer clientId=connector-consumer-myetc-sink-connect-0, groupId=connect-myetc-sink-connect] Revoke previously assigned partitions etc_coin-0 (org.apache.kafka.clients.consumer.internals.ConsumerCoordinator:307)
[2021-07-05 13:02:01,319] INFO [Consumer clientId=connector-consumer-myetc-sink-connect-0, groupId=connect-myetc-sink-connect] Member connector-consumer-myetc-sink-connect-0-f9b88953-4af1-4040-911b-ad3cbe7a3c33 sending LeaveGroup request to coordinator ip-172-31-47-126.ec2.internal:9092 (id: 2147483647 rack: null) due to the consumer is being closed (org.apache.kafka.clients.consumer.internals.AbstractCoordinator:1029)
[2021-07-05 13:02:01,317] INFO [Consumer clientId=connector-consumer-myxrp-sink-connect-0, groupId=connect-myxrp-sink-connect] Revoke previously assigned partitions xrp_coin-0 (org.apache.kafka.clients.consumer.internals.ConsumerCoordinator:307)
[2021-07-05 13:02:01,322] INFO [Consumer clientId=connector-consumer-myxrp-sink-connect-0, groupId=connect-myxrp-sink-connect] Member connector-consumer-myxrp-sink-connect-0-78ffa046-ecdd-4e89-85b9-da326cd74b87 sending LeaveGroup request to coordinator ip-172-31-47-126.ec2.internal:9092 (id: 2147483647 rack: null) due to the consumer is being closed (org.apache.kafka.clients.consumer.internals.AbstractCoordinator:1029)
[2021-07-05 13:02:01,318] INFO [Consumer clientId=connector-consumer-mybtc-sink-connect-0, groupId=connect-mybtc-sink-connect] Member connector-consumer-mybtc-sink-connect-0-9a256472-d0ed-437a-862a-33cb3c3352f5 sending LeaveGroup request to coordinator ip-172-31-47-126.ec2.internal:9092 (id: 2147483647 rack: null) due to the consumer is being closed (org.apache.kafka.clients.consumer.internals.AbstractCoordinator:1029)
[2021-07-05 13:02:01,343] INFO Closing resources for JDBC source task (io.confluent.connect.jdbc.source.JdbcSourceTask:324)
[2021-07-05 13:02:01,343] INFO Closing connection #1 to MySql (io.confluent.connect.jdbc.util.CachedConnectionProvider:105)
[2021-07-05 13:02:01,344] INFO WorkerSourceTask{id=mybtc-source-connect-0} Committing offsets (org.apache.kafka.connect.runtime.WorkerSourceTask:478)
[2021-07-05 13:02:01,344] INFO WorkerSourceTask{id=mybtc-source-connect-0} flushing 0 outstanding messages for offset commit (org.apache.kafka.connect.runtime.WorkerSourceTask:495)
[2021-07-05 13:02:01,344] INFO [Producer clientId=connector-producer-mybtc-source-connect-0] Closing the Kafka producer with timeoutMillis = 30000 ms. (org.apache.kafka.clients.producer.KafkaProducer:1205)
[2021-07-05 13:02:01,352] INFO Metrics scheduler closed (org.apache.kafka.common.metrics.Metrics:668)
[2021-07-05 13:02:01,352] INFO Closing reporter org.apache.kafka.common.metrics.JmxReporter (org.apache.kafka.common.metrics.Metrics:672)
[2021-07-05 13:02:01,352] INFO Metrics scheduler closed (org.apache.kafka.common.metrics.Metrics:668)
[2021-07-05 13:02:01,352] INFO Metrics scheduler closed (org.apache.kafka.common.metrics.Metrics:668)
[2021-07-05 13:02:01,352] INFO Closing reporter org.apache.kafka.common.metrics.JmxReporter (org.apache.kafka.common.metrics.Metrics:672)
[2021-07-05 13:02:01,352] INFO Metrics scheduler closed (org.apache.kafka.common.metrics.Metrics:668)
[2021-07-05 13:02:01,353] INFO Closing reporter org.apache.kafka.common.metrics.JmxReporter (org.apache.kafka.common.metrics.Metrics:672)
[2021-07-05 13:02:01,353] INFO Metrics reporters closed (org.apache.kafka.common.metrics.Metrics:678)
[2021-07-05 13:02:01,353] INFO Metrics reporters closed (org.apache.kafka.common.metrics.Metrics:678)
[2021-07-05 13:02:01,352] INFO Closing reporter org.apache.kafka.common.metrics.JmxReporter (org.apache.kafka.common.metrics.Metrics:672)
[2021-07-05 13:02:01,355] INFO Metrics reporters closed (org.apache.kafka.common.metrics.Metrics:678)
[2021-07-05 13:02:01,352] INFO Metrics reporters closed (org.apache.kafka.common.metrics.Metrics:678)
[2021-07-05 13:02:01,356] INFO App info kafka.producer for connector-producer-mybtc-source-connect-0 unregistered (org.apache.kafka.common.utils.AppInfoParser:83)
[2021-07-05 13:02:01,357] INFO App info kafka.consumer for connector-consumer-mydoge-sink-connect-0 unregistered (org.apache.kafka.common.utils.AppInfoParser:83)
[2021-07-05 13:02:01,352] INFO Metrics scheduler closed (org.apache.kafka.common.metrics.Metrics:668)
[2021-07-05 13:02:01,362] INFO App info kafka.consumer for connector-consumer-myetc-sink-connect-0 unregistered (org.apache.kafka.common.utils.AppInfoParser:83)
[2021-07-05 13:02:01,359] INFO Metrics scheduler closed (org.apache.kafka.common.metrics.Metrics:668)
[2021-07-05 13:02:01,364] INFO Closing reporter org.apache.kafka.common.metrics.JmxReporter (org.apache.kafka.common.metrics.Metrics:672)
[2021-07-05 13:02:01,362] INFO Closing reporter org.apache.kafka.common.metrics.JmxReporter (org.apache.kafka.common.metrics.Metrics:672)
[2021-07-05 13:02:01,365] INFO Metrics reporters closed (org.apache.kafka.common.metrics.Metrics:678)
[2021-07-05 13:02:01,367] INFO Metrics reporters closed (org.apache.kafka.common.metrics.Metrics:678)
[2021-07-05 13:02:01,369] INFO App info kafka.consumer for connector-consumer-myxrp-sink-connect-0 unregistered (org.apache.kafka.common.utils.AppInfoParser:83)
[2021-07-05 13:02:01,370] INFO App info kafka.consumer for connector-consumer-mybtc-sink-connect-0 unregistered (org.apache.kafka.common.utils.AppInfoParser:83)
[2021-07-05 13:02:01,370] INFO App info kafka.consumer for connector-consumer-myeth-sink-connect-0 unregistered (org.apache.kafka.common.utils.AppInfoParser:83)
[2021-07-05 13:02:01,372] INFO [Worker clientId=connect-1, groupId=connect-cluster] Member connect-1-64c78ed4-8d46-4c36-a58d-89b066637eb6 sending LeaveGroup request to coordinator ip-172-31-47-126.ec2.internal:9092 (id: 2147483647 rack: null) due to the consumer is being closed (org.apache.kafka.clients.consumer.internals.AbstractCoordinator:1029)
[2021-07-05 13:02:01,373] WARN [Worker clientId=connect-1, groupId=connect-cluster] Close timed out with 1 pending requests to coordinator, terminating client connections (org.apache.kafka.clients.consumer.internals.AbstractCoordinator:1010)
[2021-07-05 13:02:01,373] INFO Metrics scheduler closed (org.apache.kafka.common.metrics.Metrics:668)
[2021-07-05 13:02:01,373] INFO Closing reporter org.apache.kafka.common.metrics.JmxReporter (org.apache.kafka.common.metrics.Metrics:672)
[2021-07-05 13:02:01,373] INFO Metrics reporters closed (org.apache.kafka.common.metrics.Metrics:678)
[2021-07-05 13:02:01,374] INFO App info kafka.connect for connect-1 unregistered (org.apache.kafka.common.utils.AppInfoParser:83)
[2021-07-05 13:02:01,374] INFO Stopping KafkaBasedLog for topic connect-status (org.apache.kafka.connect.util.KafkaBasedLog:170)
[2021-07-05 13:02:01,375] INFO [Producer clientId=producer-2] Closing the Kafka producer with timeoutMillis = 9223372036854775807 ms. (org.apache.kafka.clients.producer.KafkaProducer:1205)
[2021-07-05 13:02:01,377] INFO Metrics scheduler closed (org.apache.kafka.common.metrics.Metrics:668)
[2021-07-05 13:02:01,377] INFO Closing reporter org.apache.kafka.common.metrics.JmxReporter (org.apache.kafka.common.metrics.Metrics:672)
[2021-07-05 13:02:01,377] INFO Metrics reporters closed (org.apache.kafka.common.metrics.Metrics:678)
[2021-07-05 13:02:01,378] INFO App info kafka.producer for producer-2 unregistered (org.apache.kafka.common.utils.AppInfoParser:83)
[2021-07-05 13:02:01,378] INFO Metrics scheduler closed (org.apache.kafka.common.metrics.Metrics:668)
[2021-07-05 13:02:01,378] INFO Closing reporter org.apache.kafka.common.metrics.JmxReporter (org.apache.kafka.common.metrics.Metrics:672)
[2021-07-05 13:02:01,378] INFO Metrics reporters closed (org.apache.kafka.common.metrics.Metrics:678)
[2021-07-05 13:02:01,379] INFO App info kafka.consumer for consumer-connect-cluster-2 unregistered (org.apache.kafka.common.utils.AppInfoParser:83)
[2021-07-05 13:02:01,379] INFO Stopped KafkaBasedLog for topic connect-status (org.apache.kafka.connect.util.KafkaBasedLog:196)
[2021-07-05 13:02:01,379] INFO Closing KafkaConfigBackingStore (org.apache.kafka.connect.storage.KafkaConfigBackingStore:285)
[2021-07-05 13:02:01,379] INFO Stopping KafkaBasedLog for topic connect-configs (org.apache.kafka.connect.util.KafkaBasedLog:170)
[2021-07-05 13:02:01,380] INFO [Producer clientId=producer-3] Closing the Kafka producer with timeoutMillis = 9223372036854775807 ms. (org.apache.kafka.clients.producer.KafkaProducer:1205)
[2021-07-05 13:02:01,381] INFO Metrics scheduler closed (org.apache.kafka.common.metrics.Metrics:668)
[2021-07-05 13:02:01,381] INFO Closing reporter org.apache.kafka.common.metrics.JmxReporter (org.apache.kafka.common.metrics.Metrics:672)
[2021-07-05 13:02:01,381] INFO Metrics reporters closed (org.apache.kafka.common.metrics.Metrics:678)
[2021-07-05 13:02:01,381] INFO App info kafka.producer for producer-3 unregistered (org.apache.kafka.common.utils.AppInfoParser:83)
[2021-07-05 13:02:01,381] INFO Metrics scheduler closed (org.apache.kafka.common.metrics.Metrics:668)
[2021-07-05 13:02:01,381] INFO Closing reporter org.apache.kafka.common.metrics.JmxReporter (org.apache.kafka.common.metrics.Metrics:672)
[2021-07-05 13:02:01,381] INFO Metrics reporters closed (org.apache.kafka.common.metrics.Metrics:678)
[2021-07-05 13:02:01,382] INFO App info kafka.consumer for consumer-connect-cluster-3 unregistered (org.apache.kafka.common.utils.AppInfoParser:83)
[2021-07-05 13:02:01,382] INFO Stopped KafkaBasedLog for topic connect-configs (org.apache.kafka.connect.util.KafkaBasedLog:196)
[2021-07-05 13:02:01,383] INFO Closed KafkaConfigBackingStore (org.apache.kafka.connect.storage.KafkaConfigBackingStore:287)
[2021-07-05 13:02:01,383] INFO Worker stopping (org.apache.kafka.connect.runtime.Worker:209)
[2021-07-05 13:02:01,383] INFO Stopping KafkaOffsetBackingStore (org.apache.kafka.connect.storage.KafkaOffsetBackingStore:134)
[2021-07-05 13:02:01,383] INFO Stopping KafkaBasedLog for topic connect-offsets (org.apache.kafka.connect.util.KafkaBasedLog:170)
[2021-07-05 13:02:01,383] INFO [Producer clientId=producer-1] Closing the Kafka producer with timeoutMillis = 9223372036854775807 ms. (org.apache.kafka.clients.producer.KafkaProducer:1205)
[2021-07-05 13:02:01,384] INFO Metrics scheduler closed (org.apache.kafka.common.metrics.Metrics:668)
[2021-07-05 13:02:01,384] INFO Closing reporter org.apache.kafka.common.metrics.JmxReporter (org.apache.kafka.common.metrics.Metrics:672)
[2021-07-05 13:02:01,384] INFO Metrics reporters closed (org.apache.kafka.common.metrics.Metrics:678)
[2021-07-05 13:02:01,385] INFO App info kafka.producer for producer-1 unregistered (org.apache.kafka.common.utils.AppInfoParser:83)
[2021-07-05 13:02:01,385] INFO Metrics scheduler closed (org.apache.kafka.common.metrics.Metrics:668)
[2021-07-05 13:02:01,385] INFO Closing reporter org.apache.kafka.common.metrics.JmxReporter (org.apache.kafka.common.metrics.Metrics:672)
[2021-07-05 13:02:01,386] INFO Metrics reporters closed (org.apache.kafka.common.metrics.Metrics:678)
[2021-07-05 13:02:01,386] INFO App info kafka.consumer for consumer-connect-cluster-1 unregistered (org.apache.kafka.common.utils.AppInfoParser:83)
[2021-07-05 13:02:01,387] INFO Stopped KafkaBasedLog for topic connect-offsets (org.apache.kafka.connect.util.KafkaBasedLog:196)
[2021-07-05 13:02:01,387] INFO Stopped KafkaOffsetBackingStore (org.apache.kafka.connect.storage.KafkaOffsetBackingStore:136)
[2021-07-05 13:02:01,387] INFO Metrics scheduler closed (org.apache.kafka.common.metrics.Metrics:668)
[2021-07-05 13:02:01,387] INFO Closing reporter org.apache.kafka.common.metrics.JmxReporter (org.apache.kafka.common.metrics.Metrics:672)
[2021-07-05 13:02:01,387] INFO Metrics reporters closed (org.apache.kafka.common.metrics.Metrics:678)
[2021-07-05 13:02:01,387] INFO App info kafka.connect for 172.31.47.126:8083 unregistered (org.apache.kafka.common.utils.AppInfoParser:83)
[2021-07-05 13:02:01,387] INFO Worker stopped (org.apache.kafka.connect.runtime.Worker:230)
[2021-07-05 13:02:01,388] INFO [Worker clientId=connect-1, groupId=connect-cluster] Herder stopped (org.apache.kafka.connect.runtime.distributed.DistributedHerder:300)
[2021-07-05 13:02:01,389] INFO [Worker clientId=connect-1, groupId=connect-cluster] Herder stopped (org.apache.kafka.connect.runtime.distributed.DistributedHerder:702)
[2021-07-05 13:02:01,389] INFO Kafka Connect stopped (org.apache.kafka.connect.runtime.Connect:72)
