#
# There is insufficient memory for the Java Runtime Environment to continue.
# Native memory allocation (mmap) failed to map 536870912 bytes for committing reserved memory.
# Possible reasons:
#   The system is out of physical RAM or swap space
#   The process is running with CompressedOops enabled, and the Java Heap may be blocking the growth of the native heap
# Possible solutions:
#   Reduce memory load on the system
#   Increase physical memory or swap space
#   Check if swap backing store is full
#   Decrease Java heap size (-Xmx/-Xms)
#   Decrease number of Java threads
#   Decrease Java thread stack sizes (-Xss)
#   Set larger code cache with -XX:ReservedCodeCacheSize=
# This output file may be truncated or incomplete.
#
#  Out of Memory Error (os_linux.cpp:2756), pid=8096, tid=0x00007fede8e0e700
#
# JRE version:  (8.0_291-b10) (build )
# Java VM: Java HotSpot(TM) 64-Bit Server VM (25.291-b10 mixed mode linux-amd64 compressed oops)
# Failed to write core dump. Core dumps have been disabled. To enable core dumping, try "ulimit -c unlimited" before starting Java again
#

---------------  T H R E A D  ---------------

Current thread (0x00007fede0010000):  JavaThread "Unknown thread" [_thread_in_vm, id=8765, stack(0x00007fede8d0f000,0x00007fede8e0f000)]

Stack: [0x00007fede8d0f000,0x00007fede8e0f000],  sp=0x00007fede8e0d3c0,  free space=1016k
Native frames: (J=compiled Java code, j=interpreted, Vv=VM code, C=native code)
V  [libjvm.so+0xade355]  VMError::report_and_die()+0x2e5
V  [libjvm.so+0x4e1ed7]  report_vm_out_of_memory(char const*, int, unsigned long, VMErrorType, char const*)+0x67
V  [libjvm.so+0x917c76]  os::pd_commit_memory_or_exit(char*, unsigned long, unsigned long, bool, char const*)+0x106
V  [libjvm.so+0x90f42d]  os::commit_memory_or_exit(char*, unsigned long, unsigned long, bool, char const*)+0x1d
V  [libjvm.so+0x5b19e4]  G1PageBasedVirtualSpace::commit_internal(unsigned long, unsigned long)+0x224
V  [libjvm.so+0x5b1a6e]  G1PageBasedVirtualSpace::commit(unsigned long, unsigned long)+0x7e
V  [libjvm.so+0x5b4655]  G1RegionsLargerThanCommitSizeMapper::commit_regions(unsigned int, unsigned long)+0x35
V  [libjvm.so+0x61fb36]  HeapRegionManager::commit_regions(unsigned int, unsigned long)+0x76
V  [libjvm.so+0x620c4f]  HeapRegionManager::make_regions_available(unsigned int, unsigned int)+0x3f
V  [libjvm.so+0x621118]  HeapRegionManager::expand_by(unsigned int)+0x128
V  [libjvm.so+0x58dcfa]  G1CollectedHeap::expand(unsigned long)+0x12a
V  [libjvm.so+0x597d2c]  G1CollectedHeap::initialize()+0x5ec
V  [libjvm.so+0xaa1e3a]  Universe::initialize_heap()+0x16a
V  [libjvm.so+0xaa2123]  universe_init()+0x33
V  [libjvm.so+0x634630]  init_globals()+0x50
V  [libjvm.so+0xa84859]  Threads::create_vm(JavaVMInitArgs*, bool*)+0x409
V  [libjvm.so+0x6dc01f]  JNI_CreateJavaVM+0x4f
C  [libjli.so+0x7ee4]  JavaMain+0x84
C  [libpthread.so.0+0x740b]  start_thread+0xdb


---------------  P R O C E S S  ---------------

Java Threads: ( => current thread )

Other Threads:

=>0x00007fede0010000 (exited) JavaThread "Unknown thread" [_thread_in_vm, id=8765, stack(0x00007fede8d0f000,0x00007fede8e0f000)]

VM state:not at safepoint (not fully initialized)

VM Mutex/Monitor currently owned by a thread:  ([mutex/lock_event])
[0x00007fede000d830] Heap_lock - owner thread: 0x00007fede0010000

heap address: 0x00000000e0000000, size: 512 MB, Compressed Oops mode: Non-zero based:0x00000000dffff000
Narrow klass base: 0x0000000000000000, Narrow klass shift: 0

GC Heap History (0 events):
No events

Deoptimization events (0 events):
No events

Classes redefined (0 events):
No events

Internal exceptions (0 events):
No events

Events (0 events):
No events


Dynamic libraries:
55719c010000-55719c011000 r-xp 00000000 ca:01 934024                     /usr/local/java/jre1.8.0/bin/java
55719c210000-55719c211000 r--p 00000000 ca:01 934024                     /usr/local/java/jre1.8.0/bin/java
55719c211000-55719c212000 rw-p 00001000 ca:01 934024                     /usr/local/java/jre1.8.0/bin/java
55719d203000-55719d224000 rw-p 00000000 00:00 0                          [heap]
7fedb8000000-7fedb8021000 rw-p 00000000 00:00 0 
7fedb8021000-7fedbc000000 ---p 00000000 00:00 0 
7fedbc000000-7fedbc021000 rw-p 00000000 00:00 0 
7fedbc021000-7fedc0000000 ---p 00000000 00:00 0 
7fedc2000000-7fedc4000000 rw-p 00000000 00:00 0 
7fedc4000000-7fedc4021000 rw-p 00000000 00:00 0 
7fedc4021000-7fedc8000000 ---p 00000000 00:00 0 
7fedc8000000-7fedc8021000 rw-p 00000000 00:00 0 
7fedc8021000-7fedcc000000 ---p 00000000 00:00 0 
7fedcc000000-7fedcc021000 rw-p 00000000 00:00 0 
7fedcc021000-7fedd0000000 ---p 00000000 00:00 0 
7fedd1000000-7fedd1270000 rwxp 00000000 00:00 0 
7fedd1270000-7fede0000000 ---p 00000000 00:00 0 
7fede0000000-7fede0056000 rw-p 00000000 00:00 0 
7fede0056000-7fede4000000 ---p 00000000 00:00 0 
7fede4100000-7fede4497000 rw-p 00000000 00:00 0 
7fede4497000-7fede4498000 ---p 00000000 00:00 0 
7fede4498000-7fede4598000 rw-p 00000000 00:00 0 
7fede4598000-7fede4599000 ---p 00000000 00:00 0 
7fede4599000-7fede4699000 rw-p 00000000 00:00 0 
7fede4699000-7fede5a99000 ---p 00000000 00:00 0 
7fede5a99000-7fede5a9a000 ---p 00000000 00:00 0 
7fede5a9a000-7fede5b9a000 rw-p 00000000 00:00 0 
7fede5b9a000-7fede5b9b000 ---p 00000000 00:00 0 
7fede5b9b000-7fede5d9c000 rw-p 00000000 00:00 0 
7fede5d9c000-7fede5d9d000 ---p 00000000 00:00 0 
7fede5d9d000-7fede5ea7000 rw-p 00000000 00:00 0 
7fede5ea7000-7fede625d000 ---p 00000000 00:00 0 
7fede625d000-7fede6278000 r-xp 00000000 ca:01 4554954                    /usr/local/java/jre1.8.0/lib/amd64/libzip.so
7fede6278000-7fede6477000 ---p 0001b000 ca:01 4554954                    /usr/local/java/jre1.8.0/lib/amd64/libzip.so
7fede6477000-7fede6478000 r--p 0001a000 ca:01 4554954                    /usr/local/java/jre1.8.0/lib/amd64/libzip.so
7fede6478000-7fede6479000 rw-p 0001b000 ca:01 4554954                    /usr/local/java/jre1.8.0/lib/amd64/libzip.so
7fede6479000-7fede6484000 r-xp 00000000 ca:01 8410057                    /usr/lib64/libnss_files-2.26.so
7fede6484000-7fede6683000 ---p 0000b000 ca:01 8410057                    /usr/lib64/libnss_files-2.26.so
7fede6683000-7fede6684000 r--p 0000a000 ca:01 8410057                    /usr/lib64/libnss_files-2.26.so
7fede6684000-7fede6685000 rw-p 0000b000 ca:01 8410057                    /usr/lib64/libnss_files-2.26.so
7fede6685000-7fede668b000 rw-p 00000000 00:00 0 
7fede668b000-7fede6693000 r-xp 00000000 ca:01 8742837                    /usr/lib64/libnss_sss.so.2
7fede6693000-7fede6892000 ---p 00008000 ca:01 8742837                    /usr/lib64/libnss_sss.so.2
7fede6892000-7fede6893000 r--p 00007000 ca:01 8742837                    /usr/lib64/libnss_sss.so.2
7fede6893000-7fede6894000 rw-p 00008000 ca:01 8742837                    /usr/lib64/libnss_sss.so.2
7fede6894000-7fede68c0000 r-xp 00000000 ca:01 4554951                    /usr/local/java/jre1.8.0/lib/amd64/libjava.so
7fede68c0000-7fede6ac0000 ---p 0002c000 ca:01 4554951                    /usr/local/java/jre1.8.0/lib/amd64/libjava.so
7fede6ac0000-7fede6ac1000 r--p 0002c000 ca:01 4554951                    /usr/local/java/jre1.8.0/lib/amd64/libjava.so
7fede6ac1000-7fede6ac3000 rw-p 0002d000 ca:01 4554951                    /usr/local/java/jre1.8.0/lib/amd64/libjava.so
7fede6ac3000-7fede6ad0000 r-xp 00000000 ca:01 5711966                    /usr/local/java/jre1.8.0/lib/amd64/libverify.so
7fede6ad0000-7fede6ccf000 ---p 0000d000 ca:01 5711966                    /usr/local/java/jre1.8.0/lib/amd64/libverify.so
7fede6ccf000-7fede6cd1000 r--p 0000c000 ca:01 5711966                    /usr/local/java/jre1.8.0/lib/amd64/libverify.so
7fede6cd1000-7fede6cd2000 rw-p 0000e000 ca:01 5711966                    /usr/local/java/jre1.8.0/lib/amd64/libverify.so
7fede6cd2000-7fede6cd9000 r-xp 00000000 ca:01 8410063                    /usr/lib64/librt-2.26.so
7fede6cd9000-7fede6ed8000 ---p 00007000 ca:01 8410063                    /usr/lib64/librt-2.26.so
7fede6ed8000-7fede6ed9000 r--p 00006000 ca:01 8410063                    /usr/lib64/librt-2.26.so
7fede6ed9000-7fede6eda000 rw-p 00007000 ca:01 8410063                    /usr/lib64/librt-2.26.so
7fede6eda000-7fede7019000 r-xp 00000000 ca:01 8410047                    /usr/lib64/libm-2.26.so
7fede7019000-7fede7218000 ---p 0013f000 ca:01 8410047                    /usr/lib64/libm-2.26.so
7fede7218000-7fede7219000 r--p 0013e000 ca:01 8410047                    /usr/lib64/libm-2.26.so
7fede7219000-7fede721a000 rw-p 0013f000 ca:01 8410047                    /usr/lib64/libm-2.26.so
7fede721a000-7fede7f0f000 r-xp 00000000 ca:01 9205360                    /usr/local/java/jre1.8.0/lib/amd64/server/libjvm.so
7fede7f0f000-7fede810f000 ---p 00cf5000 ca:01 9205360                    /usr/local/java/jre1.8.0/lib/amd64/server/libjvm.so
7fede810f000-7fede81a5000 r--p 00cf5000 ca:01 9205360                    /usr/local/java/jre1.8.0/lib/amd64/server/libjvm.so
7fede81a5000-7fede81d6000 rw-p 00d8b000 ca:01 9205360                    /usr/local/java/jre1.8.0/lib/amd64/server/libjvm.so
7fede81d6000-7fede8211000 rw-p 00000000 00:00 0 
7fede8211000-7fede83b2000 r-xp 00000000 ca:01 8410041                    /usr/lib64/libc-2.26.so
7fede83b2000-7fede85b2000 ---p 001a1000 ca:01 8410041                    /usr/lib64/libc-2.26.so
7fede85b2000-7fede85b6000 r--p 001a1000 ca:01 8410041                    /usr/lib64/libc-2.26.so
7fede85b6000-7fede85b8000 rw-p 001a5000 ca:01 8410041                    /usr/lib64/libc-2.26.so
7fede85b8000-7fede85bc000 rw-p 00000000 00:00 0 
7fede85bc000-7fede85bf000 r-xp 00000000 ca:01 8410045                    /usr/lib64/libdl-2.26.so
7fede85bf000-7fede87be000 ---p 00003000 ca:01 8410045                    /usr/lib64/libdl-2.26.so
7fede87be000-7fede87bf000 r--p 00002000 ca:01 8410045                    /usr/lib64/libdl-2.26.so
7fede87bf000-7fede87c0000 rw-p 00003000 ca:01 8410045                    /usr/lib64/libdl-2.26.so
7fede87c0000-7fede87d7000 r-xp 00000000 ca:01 12956698                   /usr/local/java/jre1.8.0/lib/amd64/jli/libjli.so
7fede87d7000-7fede89d6000 ---p 00017000 ca:01 12956698                   /usr/local/java/jre1.8.0/lib/amd64/jli/libjli.so
7fede89d6000-7fede89d7000 r--p 00016000 ca:01 12956698                   /usr/local/java/jre1.8.0/lib/amd64/jli/libjli.so
7fede89d7000-7fede89d8000 rw-p 00017000 ca:01 12956698                   /usr/local/java/jre1.8.0/lib/amd64/jli/libjli.so
7fede89d8000-7fede89f0000 r-xp 00000000 ca:01 8410059                    /usr/lib64/libpthread-2.26.so
7fede89f0000-7fede8bf0000 ---p 00018000 ca:01 8410059                    /usr/lib64/libpthread-2.26.so
7fede8bf0000-7fede8bf1000 r--p 00018000 ca:01 8410059                    /usr/lib64/libpthread-2.26.so
7fede8bf1000-7fede8bf2000 rw-p 00019000 ca:01 8410059                    /usr/lib64/libpthread-2.26.so
7fede8bf2000-7fede8bf6000 rw-p 00000000 00:00 0 
7fede8bf6000-7fede8c1a000 r-xp 00000000 ca:01 8410034                    /usr/lib64/ld-2.26.so
7fede8cc4000-7fede8d06000 rw-p 00000000 00:00 0 
7fede8d06000-7fede8d0e000 rw-s 00000000 ca:01 13945147                   /tmp/hsperfdata_root/8096
7fede8d0e000-7fede8d0f000 ---p 00000000 00:00 0 
7fede8d0f000-7fede8d12000 ---p 00000000 00:00 0 
7fede8d12000-7fede8e13000 rw-p 00000000 00:00 0 
7fede8e17000-7fede8e18000 rw-p 00000000 00:00 0 
7fede8e18000-7fede8e19000 r--p 00000000 00:00 0 
7fede8e19000-7fede8e1a000 r--p 00023000 ca:01 8410034                    /usr/lib64/ld-2.26.so
7fede8e1a000-7fede8e1b000 rw-p 00024000 ca:01 8410034                    /usr/lib64/ld-2.26.so
7fede8e1b000-7fede8e1c000 rw-p 00000000 00:00 0 
7ffd24e28000-7ffd24e4b000 rw-p 00000000 00:00 0                          [stack]
7ffd24ecf000-7ffd24ed2000 r--p 00000000 00:00 0                          [vvar]
7ffd24ed2000-7ffd24ed4000 r-xp 00000000 00:00 0                          [vdso]
ffffffffff600000-ffffffffff601000 r-xp 00000000 00:00 0                  [vsyscall]

VM Arguments:
jvm_args: -Xmx512M -Xms512M -XX:+UseG1GC -XX:MaxGCPauseMillis=20 -XX:InitiatingHeapOccupancyPercent=35 -XX:+ExplicitGCInvokesConcurrent -XX:MaxInlineLevel=15 -Djava.awt.headless=true -Xloggc:/home/ec2-user/kafka/kafka/bin/../logs/zookeeper-gc.log -verbose:gc -XX:+PrintGCDetails -XX:+PrintGCDateStamps -XX:+PrintGCTimeStamps -XX:+UseGCLogFileRotation -XX:NumberOfGCLogFiles=10 -XX:GCLogFileSize=100M -Dcom.sun.management.jmxremote -Dcom.sun.management.jmxremote.authenticate=false -Dcom.sun.management.jmxremote.ssl=false -Dkafka.logs.dir=/home/ec2-user/kafka/kafka/bin/../logs -Dlog4j.configuration=file:./bin/../config/log4j.properties 
java_command: org.apache.zookeeper.server.quorum.QuorumPeerMain ./config/zookeeper.properties
java_class_path (initial): /home/ec2-user/kafka/kafka/bin/../libs/activation-1.1.1.jar:/home/ec2-user/kafka/kafka/bin/../libs/aopalliance-repackaged-2.6.1.jar:/home/ec2-user/kafka/kafka/bin/../libs/argparse4j-0.7.0.jar:/home/ec2-user/kafka/kafka/bin/../libs/audience-annotations-0.5.0.jar:/home/ec2-user/kafka/kafka/bin/../libs/commons-cli-1.4.jar:/home/ec2-user/kafka/kafka/bin/../libs/commons-lang3-3.8.1.jar:/home/ec2-user/kafka/kafka/bin/../libs/connect-api-2.8.0.jar:/home/ec2-user/kafka/kafka/bin/../libs/connect-basic-auth-extension-2.8.0.jar:/home/ec2-user/kafka/kafka/bin/../libs/connect-file-2.8.0.jar:/home/ec2-user/kafka/kafka/bin/../libs/connect-json-2.8.0.jar:/home/ec2-user/kafka/kafka/bin/../libs/connect-mirror-2.8.0.jar:/home/ec2-user/kafka/kafka/bin/../libs/connect-mirror-client-2.8.0.jar:/home/ec2-user/kafka/kafka/bin/../libs/connect-runtime-2.8.0.jar:/home/ec2-user/kafka/kafka/bin/../libs/connect-transforms-2.8.0.jar:/home/ec2-user/kafka/kafka/bin/../libs/hk2-api-2.6.1.jar:/home/ec2-user/kafka/kafka/bin/../libs/hk2-locator-2.6.1.jar:/home/ec2-user/kafka/kafka/bin/../libs/hk2-utils-2.6.1.jar:/home/ec2-user/kafka/kafka/bin/../libs/jackson-annotations-2.10.5.jar:/home/ec2-user/kafka/kafka/bin/../libs/jackson-core-2.10.5.jar:/home/ec2-user/kafka/kafka/bin/../libs/jackson-databind-2.10.5.1.jar:/home/ec2-user/kafka/kafka/bin/../libs/jackson-dataformat-csv-2.10.5.jar:/home/ec2-user/kafka/kafka/bin/../libs/jackson-datatype-jdk8-2.10.5.jar:/home/ec2-user/kafka/kafka/bin/../libs/jackson-jaxrs-base-2.10.5.jar:/home/ec2-user/kafka/kafka/bin/../libs/jackson-jaxrs-json-provider-2.10.5.jar:/home/ec2-user/kafka/kafka/bin/../libs/jackson-module-jaxb-annotations-2.10.5.jar:/home/ec2-user/kafka/kafka/bin/../libs/jackson-module-paranamer-2.10.5.jar:/home/ec2-user/kafka/kafka/bin/../libs/jackson-module-scala_2.13-2.10.5.jar:/home/ec2-user/kafka/kafka/bin/../libs/jakarta.activation-api-1.2.1.jar:/home/ec2-user/kafka/kafka/bin/../libs/jakarta.annotation-api-1.3.5.jar:/home/ec
Launcher Type: SUN_STANDARD

Environment Variables:
JAVA_HOME=/usr/local/java/jre1.8.0
PATH=/usr/local/sbin:/sbin:/bin:/usr/sbin:/usr/bin
USERNAME=root
SHELL=/bin/bash

Signal Handlers:
SIGSEGV: [libjvm.so+0xadec90], sa_mask[0]=11111111011111111101111111111110, sa_flags=SA_RESTART|SA_SIGINFO
SIGBUS: [libjvm.so+0xadec90], sa_mask[0]=11111111011111111101111111111110, sa_flags=SA_RESTART|SA_SIGINFO
SIGFPE: [libjvm.so+0x913090], sa_mask[0]=11111111011111111101111111111110, sa_flags=SA_RESTART|SA_SIGINFO
SIGPIPE: [libjvm.so+0x913090], sa_mask[0]=11111111011111111101111111111110, sa_flags=SA_RESTART|SA_SIGINFO
SIGXFSZ: [libjvm.so+0x913090], sa_mask[0]=11111111011111111101111111111110, sa_flags=SA_RESTART|SA_SIGINFO
SIGILL: [libjvm.so+0x913090], sa_mask[0]=11111111011111111101111111111110, sa_flags=SA_RESTART|SA_SIGINFO
SIGUSR1: SIG_DFL, sa_mask[0]=00000000000000000000000000000000, sa_flags=none
SIGUSR2: [libjvm.so+0x912f60], sa_mask[0]=00000000000000000000000000000000, sa_flags=SA_RESTART|SA_SIGINFO
SIGHUP: SIG_DFL, sa_mask[0]=00000000000000000000000000000000, sa_flags=none
SIGINT: SIG_DFL, sa_mask[0]=00000000000000000000000000000000, sa_flags=none
SIGTERM: SIG_DFL, sa_mask[0]=00000000000000000000000000000000, sa_flags=none
SIGQUIT: SIG_DFL, sa_mask[0]=00000000000000000000000000000000, sa_flags=none


---------------  S Y S T E M  ---------------

OS:Amazon Linux release 2 (Karoo)

uname:Linux 4.14.232-177.418.amzn2.x86_64 #1 SMP Tue Jun 15 20:57:50 UTC 2021 x86_64
libc:glibc 2.26 NPTL 2.26 
rlimit: STACK 8192k, CORE 0k, NPROC infinity, NOFILE 65535, AS infinity
load average:0.25 0.07 0.02

/proc/meminfo:
MemTotal:        1006892 kB
MemFree:           71064 kB
MemAvailable:     416252 kB
Buffers:               0 kB
Cached:           457168 kB
SwapCached:            0 kB
Active:           436348 kB
Inactive:         403796 kB
Active(anon):     383180 kB
Inactive(anon):      312 kB
Active(file):      53168 kB
Inactive(file):   403484 kB
Unevictable:           0 kB
Mlocked:               0 kB
SwapTotal:             0 kB
SwapFree:              0 kB
Dirty:                96 kB
Writeback:             0 kB
AnonPages:        383016 kB
Mapped:            64248 kB
Shmem:               524 kB
Slab:              67228 kB
SReclaimable:      32192 kB
SUnreclaim:        35036 kB
KernelStack:        3424 kB
PageTables:         7356 kB
NFS_Unstable:          0 kB
Bounce:                0 kB
WritebackTmp:          0 kB
CommitLimit:      503444 kB
Committed_AS:    1799920 kB
VmallocTotal:   34359738367 kB
VmallocUsed:           0 kB
VmallocChunk:          0 kB
HardwareCorrupted:     0 kB
AnonHugePages:         0 kB
ShmemHugePages:        0 kB
ShmemPmdMapped:        0 kB
HugePages_Total:       0
HugePages_Free:        0
HugePages_Rsvd:        0
HugePages_Surp:        0
Hugepagesize:       2048 kB
DirectMap4k:       79872 kB
DirectMap2M:      968704 kB

container (cgroup) information:
container_type: cgroupv1
cpu_cpuset_cpus: 0
cpu_memory_nodes: 0
active_processor_count: 1
cpu_quota: -1
cpu_period: 100000
cpu_shares: -1
memory_limit_in_bytes: -1
memory_and_swap_limit_in_bytes: -1
memory_soft_limit_in_bytes: -1
memory_usage_in_bytes: 432848896
memory_max_usage_in_bytes: 449474560


CPU:total 1 (initial active 1) (1 cores per cpu, 1 threads per core) family 6 model 79 stepping 1, cmov, cx8, fxsr, mmx, sse, sse2, sse3, ssse3, sse4.1, sse4.2, popcnt, avx, avx2, aes, clmul, erms, lzcnt, tsc, bmi1, bmi2

/proc/cpuinfo:
processor	: 0
vendor_id	: GenuineIntel
cpu family	: 6
model		: 79
model name	: Intel(R) Xeon(R) CPU E5-2686 v4 @ 2.30GHz
stepping	: 1
microcode	: 0xb000038
cpu MHz		: 2299.960
cache size	: 46080 KB
physical id	: 0
siblings	: 1
core id		: 0
cpu cores	: 1
apicid		: 0
initial apicid	: 0
fpu		: yes
fpu_exception	: yes
cpuid level	: 13
wp		: yes
flags		: fpu vme de pse tsc msr pae mce cx8 apic sep mtrr pge mca cmov pat pse36 clflush mmx fxsr sse sse2 ht syscall nx rdtscp lm constant_tsc rep_good nopl xtopology cpuid pni pclmulqdq ssse3 fma cx16 pcid sse4_1 sse4_2 x2apic movbe popcnt tsc_deadline_timer aes xsave avx f16c rdrand hypervisor lahf_lm abm cpuid_fault invpcid_single pti fsgsbase bmi1 avx2 smep bmi2 erms invpcid xsaveopt
bugs		: cpu_meltdown spectre_v1 spectre_v2 spec_store_bypass l1tf mds swapgs itlb_multihit
bogomips	: 4600.01
clflush size	: 64
cache_alignment	: 64
address sizes	: 46 bits physical, 48 bits virtual
power management:



Memory: 4k page, physical 1006892k(71064k free), swap 0k(0k free)

vm_info: Java HotSpot(TM) 64-Bit Server VM (25.291-b10) for linux-amd64 JRE (1.8.0_291-b10), built on Apr  7 2021 19:13:06 by "java_re" with gcc 7.3.0

time: Fri Jul  2 05:29:30 2021
timezone: UTC
elapsed time: 0.036267 seconds (0d 0h 0m 0s)

